
Showing logs for build [32mcb-kubecd-bdd-gh-1573054831-pr-1[0m stage [32mfrom-build-pack[0m and container [32mstep-credential-initializer-xhhw4[0m
{"level":"warn","ts":1573055851.1002529,"logger":"fallback-logger","caller":"logging/config.go:69","msg":"Fetch GitHub commit ID from kodata failed: \"ref: refs/heads/master\" is not a valid GitHub commit ID"}
{"level":"info","ts":1573055851.1009457,"logger":"fallback-logger","caller":"creds-init/main.go:40","msg":"Credentials initialized."}

Showing logs for build [32mcb-kubecd-bdd-gh-1573054831-pr-1[0m stage [32mfrom-build-pack[0m and container [32mstep-working-dir-initializer-sw6f6[0m
{"level":"warn","ts":1573055852.065447,"logger":"fallback-logger","caller":"logging/config.go:69","msg":"Fetch GitHub commit ID from kodata failed: open /var/run/ko/HEAD: no such file or directory"}
{"level":"info","ts":1573055852.0714774,"logger":"fallback-logger","caller":"bash/main.go:65","msg":"Successfully executed command \"mkdir -p /workspace/source\""}

Showing logs for build [32mcb-kubecd-bdd-gh-1573054831-pr-1[0m stage [32mfrom-build-pack[0m and container [32mstep-place-tools[0m

Showing logs for build [32mcb-kubecd-bdd-gh-1573054831-pr-1[0m stage [32mfrom-build-pack[0m and container [32mstep-git-source-cb-kubecd-bdd-gh-1573054831-pr-sz9mr[0m
{"level":"warn","ts":1573055858.195634,"logger":"fallback-logger","caller":"logging/config.go:69","msg":"Fetch GitHub commit ID from kodata failed: \"ref: refs/heads/master\" is not a valid GitHub commit ID"}
{"level":"info","ts":1573055859.2760236,"logger":"fallback-logger","caller":"git/git.go:102","msg":"Successfully cloned https://github.com/cb-kubecd/bdd-gh-1573054831.git @ 52a6053eee3489834acf695664d526a17350fadb in path /workspace/source"}

Showing logs for build [32mcb-kubecd-bdd-gh-1573054831-pr-1[0m stage [32mfrom-build-pack[0m and container [32mstep-git-merge[0m
Using SHAs from PULL_REFS=master:89e74159e36fc37c13382a1fa868abcaa2cb7f5d,1:52a6053eee3489834acf695664d526a17350fadb
DEBUG: ran git fetch --unshallow origin 52a6053eee3489834acf695664d526a17350fadb: 89e74159e36fc37c13382a1fa868abcaa2cb7f5d: in 
DEBUG: ran git checkout master in 
DEBUG: ran git reset --hard 89e74159e36fc37c13382a1fa868abcaa2cb7f5d in 
DEBUG: ran clean --force -d . in 
DEBUG: ran git merge 52a6053eee3489834acf695664d526a17350fadb in 
Merged SHA 52a6053eee3489834acf695664d526a17350fadb with commit message 'My first PR commit' into base branch master

Showing logs for build [32mcb-kubecd-bdd-gh-1573054831-pr-1[0m stage [32mfrom-build-pack[0m and container [32mstep-build-make-linux[0m
CGO_ENABLED=0 GOOS=linux GOARCH=amd64 GO15VENDOREXPERIMENT=1 go build -ldflags '' -o bin/bdd-gh-1573054831 main.go

Showing logs for build [32mcb-kubecd-bdd-gh-1573054831-pr-1[0m stage [32mfrom-build-pack[0m and container [32mstep-build-container-build[0m
[36mINFO[0m[0000] No base image, nothing to extract            
[36mINFO[0m[0000] cmd: EXPOSE                                  
[36mINFO[0m[0000] Adding exposed port: 8080/tcp                
[36mINFO[0m[0000] Using files from context: [/workspace/source/bin] 
[36mINFO[0m[0000] Skipping unpacking as no commands require it. 
[36mINFO[0m[0000] Taking snapshot of full filesystem...        
[36mINFO[0m[0000] EXPOSE 8080                                  
[36mINFO[0m[0000] cmd: EXPOSE                                  
[36mINFO[0m[0000] Adding exposed port: 8080/tcp                
[36mINFO[0m[0000] No files changed in this command, skipping snapshotting. 
[36mINFO[0m[0000] ENTRYPOINT ["/bdd-gh-1573054831"]            
[36mINFO[0m[0000] No files changed in this command, skipping snapshotting. 
[36mINFO[0m[0000] Using files from context: [/workspace/source/bin] 
[36mINFO[0m[0000] COPY ./bin/ /                                
[36mINFO[0m[0000] Taking snapshot of files...                  
2019/11/06 15:57:52 pushed blob: sha256:775bb423f2f31890c219064c0d2f1ac1bce9cdaf075c7f5c649c4b16260ded5b
2019/11/06 15:57:53 pushed blob: sha256:56988791f14a6f70ecca7e1f56c9bfdee924323aaea7d85d4257265c1afe9c52
2019/11/06 15:57:54 gcr.io/jenkins-x-bdd3/bdd-gh-1573054831:0.0.0-SNAPSHOT-PR-1-1: digest: sha256:128fe8cafd7e2f390c44888df13715c6b6f437cb557cb74ab0c2e2d4378e84f0 size: 428

Showing logs for build [32mcb-kubecd-bdd-gh-1573054831-pr-1[0m stage [32mfrom-build-pack[0m and container [32mstep-postbuild-post-build[0m
no CVE provider running in the current ** namespace so skip adding image to be analysed

Showing logs for build [32mcb-kubecd-bdd-gh-1573054831-pr-1[0m stage [32mfrom-build-pack[0m and container [32mstep-promote-make-preview[0m
sed -i -e "s/version:.*/version: 0.0.0-SNAPSHOT-PR-1-1/" Chart.yaml
sed -i -e "s/version:.*/version: 0.0.0-SNAPSHOT-PR-1-1/" ../*/Chart.yaml
sed -i -e "s|repository:.*|repository: gcr.io\/jenkins-x-bdd3\/bdd-gh-1573054831|" values.yaml
sed -i -e "s/tag:.*/tag: 0.0.0-SNAPSHOT-PR-1-1/" values.yaml
echo "  version: 0.0.0-SNAPSHOT-PR-1-1" >> requirements.yaml
** step helm build
WARNING: No $CHART_REPOSITORY defined so using the default value of: http://jenkins-x-chartmuseum:8080
Adding missing Helm repo: storage.googleapis.com https://storage.googleapis.com/chartmuseum.jenkins-x.io
Read credentials for https://storage.googleapis.com/chartmuseum.jenkins-x.io from vault helm/repos
Successfully added Helm repository storage.googleapis.com.
Adding missing Helm repo: jenkins-x-chartmuseum http://jenkins-x-chartmuseum:8080
Read credentials for http://jenkins-x-chartmuseum:8080 from vault helm/repos
Successfully added Helm repository jenkins-x-chartmuseum.
WARNING: No $CHART_REPOSITORY defined so using the default value of: http://jenkins-x-chartmuseum:8080
Adding missing Helm repo: chartmuseum.jenkins-x.io http://chartmuseum.jenkins-x.io
Read credentials for http://chartmuseum.jenkins-x.io from vault helm/repos
Successfully added Helm repository chartmuseum.jenkins-x.io.

Showing logs for build [32mcb-kubecd-bdd-gh-1573054831-pr-1[0m stage [32mfrom-build-pack[0m and container [32mstep-promote-jx-preview[0m
Creating a preview
WARNING: No author for commit: 52a6053eee3489834acf695664d526a17350fadb
Created environment cb-kubecd-bdd-gh-1573054831-pr-1
Namespace **-cb-kubecd-bdd-gh-1573054831-pr-1 created 
expose:
  Annotations:
    helm.sh/hook: post-install,post-upgrade
    helm.sh/hook-delete-policy: hook-succeeded
  config:
    domain: 104.199.37.174.nip.io
    exposer: Ingress
    http: "true"
preview:
  image:
    repository: gcr.io/jenkins-x-bdd3/bdd-gh-1573054831
    tag: 0.0.0-SNAPSHOT-PR-1-1


Updating PipelineActivities cb-kubecd-bdd-gh-1573054831-pr-1-1 which has status Running
WARNING: preview application http://bdd-gh-1573054831.**-cb-kubecd-bdd-gh-1573054831-pr-1.104.199.37.174.nip.io not available, error was 503 503 Service Temporarily Unavailable, delaying for: 1.426986804s
Preview application is now available at: http://bdd-gh-1573054831.**-cb-kubecd-bdd-gh-1573054831-pr-1.104.199.37.174.nip.io
